<?xml version="1.0" encoding="UTF-8"?>
<!-- Generated by org.testng.reporters.JUnitReportReporter -->
<testsuite hostname="DESKTOP-4NB82FC" failures="0" tests="1" name="registerPageTests" time="26.686" errors="0" timestamp="2025-08-04T02:03:27 CEST" skipped="0">
  <testcase classname="registerPageTests" name="registerTest" time="26.686"/>
</testsuite> <!-- registerPageTests -->
